<?xml version="1.0" encoding="utf-8"?><testsuites><testsuite name="pytest" errors="0" failures="0" skipped="0" tests="56" time="1.703" timestamp="2022-09-14T11:36:17.075768" hostname="is-nts-jenkins1.uoregon.edu"><testcase classname="src.netdot.parse" name="netdot.parse.MACAddress_from_asset" time="0.004" /><testcase classname="tests.test_client" name="test_get_object_by_id" time="0.023" /><testcase classname="tests.test_client" name="test_get_all" time="0.035" /><testcase classname="tests.test_client" name="test_create_object_site" time="0.019" /><testcase classname="tests.test_client" name="test_delete" time="0.022" /><testcase classname="tests.test_csv_util" name="test" time="0.001" /><testcase classname="tests.test_csv_util" name="test_escape_delim" time="0.001" /><testcase classname="tests.test_csv_util" name="test_csv_dataclass" time="0.001" /><testcase classname="tests.test_csv_util" name="test_csv_dataclass_select_columns" time="0.001" /><testcase classname="tests.test_dataclasses" name="test_replace" time="0.003" /><testcase classname="tests.test_dataclasses" name="test_Device_initialization" time="0.001" /><testcase classname="tests.test_dataclasses" name="test_Site_initialization" time="0.001" /><testcase classname="tests.test_dataclasses" name="test_Product_initialization" time="0.001" /><testcase classname="tests.test_dataclasses" name="test_with_asset_setter" time="0.001" /><testcase classname="tests.test_mac_address" name="test_all_lowercase" time="0.001" /><testcase classname="tests.test_mac_address" name="test_output_with_delimiter" time="0.001" /><testcase classname="tests.test_mac_address" name="test_parse_valid_delimiters[.]" time="0.001" /><testcase classname="tests.test_mac_address" name="test_parse_valid_delimiters[:]" time="0.001" /><testcase classname="tests.test_mac_address" name="test_parse_valid_delimiters[-]" time="0.001" /><testcase classname="tests.test_mac_address" name="test_parse_valid_delimiters[ ]" time="0.001" /><testcase classname="tests.test_mac_address" name="test_whitespace" time="0.001" /><testcase classname="tests.test_mac_address" name="test_invalid_delimiter" time="0.001" /><testcase classname="tests.test_mac_address" name="test_inconsistent_delimiters" time="0.001" /><testcase classname="tests.test_mac_address" name="test_equality" time="0.001" /><testcase classname="tests.test_parse_dto" name="test_parse_data_transfer_object_id" time="0.001" /><testcase classname="tests.test_parse_dto" name="test_parse_data_transfer_object_IPBlock" time="0.001" /><testcase classname="tests.test_parse_dto" name="test_parse_data_transfer_object_logs_WARNING_about_unparsed_DTO_data" time="0.002" /><testcase classname="tests.test_repository" name="test_Repository_initialization_of_methods" time="0.002" /><testcase classname="tests.test_repository" name="test_discover_sites_devices" time="0.026" /><testcase classname="tests.test_repository" name="test_get_devices_by_site" time="0.024" /><testcase classname="tests.test_repository" name="test_get_site_from_device" time="0.022" /><testcase classname="tests.test_repository" name="test_web_urls" time="0.026" /><testcase classname="tests.test_repository" name="test_discover_device_interfaces" time="0.034" /><testcase classname="tests.test_repository" name="test_get_vlan_by_interface" time="0.023" /><testcase classname="tests.test_repository" name="test_get_vlan_count_by_interface" time="0.019" /><testcase classname="tests.test_repository" name="test_get_ipblock_StaticAddress" time="0.019" /><testcase classname="tests.test_repository" name="test_get_ipblock_Subnet" time="0.020" /><testcase classname="tests.test_repository" name="test_get_ipblock_Container" time="0.019" /><testcase classname="tests.test_repository" name="test_discover_ipblock_Subnet_from_StaticAddress" time="0.022" /><testcase classname="tests.test_repository" name="test_get_ipblock_by_address_StaticAddress" time="0.019" /><testcase classname="tests.test_repository" name="test_get_ipblock_by_address_StaticAddressIPv6" time="0.019" /><testcase classname="tests.test_repository" name="test_get_ipblock_by_address_Subnet" time="0.033" /><testcase classname="tests.test_repository" name="test_get_product_with_wierd_name" time="0.019" /><testcase classname="tests.test_repository" name="test_get_product" time="0.019" /><testcase classname="tests.test_repository" name="test_get_products" time="0.054" /><testcase classname="tests.test_repository" name="test_infer_product" time="0.057" /><testcase classname="tests.test_repository" name="test_get_physaddr" time="0.020" /><testcase classname="tests.test_repository" name="test_get_interface" time="0.019" /><testcase classname="tests.test_repository" name="test_get_physaddr_by_MACAddress" time="0.019" /><testcase classname="tests.test_repository" name="test_get_FWTableEntry" time="0.019" /><testcase classname="tests.test_repository" name="test_find_edge_port1" time="0.063" /><testcase classname="tests.test_repository" name="test_find_edge_port2" time="0.335" /><testcase classname="tests.test_repository" name="test_find_edge_port3" time="0.137" /><testcase classname="tests.test_repository" name="test_get_ResourceRecord" time="0.021" /><testcase classname="tests.test_repository" name="test_get_ResourceRecord_by_ipaddress1" time="0.027" /><testcase classname="tests.test_repository" name="test_get_ResourceRecord_by_ipaddress2" time="0.031" /></testsuite></testsuites>