TN:
SF:src/context.ts
FNF:0
FNH:0
DA:1,0
DA:2,0
DA:5,0
DA:6,0
LF:4
LH:0
BRF:0
BRH:0
end_of_record
TN:
SF:src/create-job-form.tsx
FN:38,CreateJobForm
FN:50,(anonymous_7)
FN:52,(anonymous_8)
FN:56,(anonymous_9)
FN:72,(anonymous_10)
FN:76,(anonymous_11)
FN:80,(anonymous_12)
FN:90,(anonymous_13)
FN:98,(anonymous_14)
FN:107,(anonymous_15)
FN:114,(anonymous_16)
FN:128,(anonymous_17)
FN:148,(anonymous_18)
FN:151,(anonymous_19)
FN:156,(anonymous_20)
FN:163,(anonymous_21)
FN:171,(anonymous_22)
FN:177,(anonymous_23)
FN:195,(anonymous_24)
FN:275,(anonymous_25)
FN:296,(anonymous_26)
FN:306,(anonymous_27)
FN:329,(anonymous_28)
FNF:23
FNH:0
FNDA:0,CreateJobForm
FNDA:0,(anonymous_7)
FNDA:0,(anonymous_8)
FNDA:0,(anonymous_9)
FNDA:0,(anonymous_10)
FNDA:0,(anonymous_11)
FNDA:0,(anonymous_12)
FNDA:0,(anonymous_13)
FNDA:0,(anonymous_14)
FNDA:0,(anonymous_15)
FNDA:0,(anonymous_16)
FNDA:0,(anonymous_17)
FNDA:0,(anonymous_18)
FNDA:0,(anonymous_19)
FNDA:0,(anonymous_20)
FNDA:0,(anonymous_21)
FNDA:0,(anonymous_22)
FNDA:0,(anonymous_23)
FNDA:0,(anonymous_24)
FNDA:0,(anonymous_25)
FNDA:0,(anonymous_26)
FNDA:0,(anonymous_27)
FNDA:0,(anonymous_28)
DA:1,0
DA:2,0
DA:3,0
DA:5,0
DA:6,0
DA:12,0
DA:13,0
DA:38,0
DA:39,0
DA:41,0
DA:50,0
DA:51,0
DA:52,0
DA:56,0
DA:57,0
DA:59,0
DA:60,0
DA:61,0
DA:62,0
DA:64,0
DA:65,0
DA:66,0
DA:67,0
DA:68,0
DA:70,0
DA:71,0
DA:72,0
DA:74,0
DA:75,0
DA:76,0
DA:80,0
DA:81,0
DA:82,0
DA:83,0
DA:86,0
DA:87,0
DA:89,0
DA:90,0
DA:93,0
DA:96,0
DA:98,0
DA:99,0
DA:100,0
DA:104,0
DA:105,0
DA:107,0
DA:114,0
DA:115,0
DA:118,0
DA:125,0
DA:126,0
DA:128,0
DA:129,0
DA:130,0
DA:131,0
DA:140,0
DA:144,0
DA:147,0
DA:148,0
DA:151,0
DA:152,0
DA:156,0
DA:157,0
DA:158,0
DA:160,0
DA:163,0
DA:164,0
DA:165,0
DA:167,0
DA:170,0
DA:171,0
DA:172,0
DA:173,0
DA:174,0
DA:177,0
DA:178,0
DA:179,0
DA:183,0
DA:184,0
DA:185,0
DA:186,0
DA:187,0
DA:188,0
DA:189,0
DA:190,0
DA:191,0
DA:193,0
DA:195,0
DA:276,0
DA:297,0
DA:298,0
DA:307,0
DA:308,0
DA:330,0
DA:331,0
LF:95
LH:0
BRDA:51,0,0,0
BRDA:61,1,0,0
BRDA:61,1,1,0
BRDA:64,2,0,0
BRDA:64,2,1,0
BRDA:67,3,0,0
BRDA:67,3,1,0
BRDA:70,4,0,0
BRDA:70,4,1,0
BRDA:74,5,0,0
BRDA:74,5,1,0
BRDA:82,6,0,0
BRDA:89,7,0,0
BRDA:89,7,1,0
BRDA:93,8,0,0
BRDA:93,8,1,0
BRDA:96,9,0,0
BRDA:96,9,1,0
BRDA:96,10,0,0
BRDA:96,10,1,0
BRDA:99,11,0,0
BRDA:104,12,0,0
BRDA:104,13,0,0
BRDA:104,13,1,0
BRDA:125,14,0,0
BRDA:130,15,0,0
BRDA:130,15,1,0
BRDA:147,16,0,0
BRDA:157,17,0,0
BRDA:157,17,1,0
BRDA:164,18,0,0
BRDA:164,18,1,0
BRDA:173,19,0,0
BRDA:266,20,0,0
BRDA:266,20,1,0
BRDA:274,21,0,0
BRDA:274,21,1,0
BRF:37
BRH:0
end_of_record
TN:
SF:src/handler.ts
FN:7,(anonymous_0)
FN:12,(anonymous_1)
FN:30,(anonymous_2)
FN:45,(anonymous_3)
FN:58,(anonymous_4)
FN:66,(anonymous_5)
FN:89,(anonymous_6)
FN:107,(anonymous_7)
FN:122,(anonymous_8)
FN:139,(anonymous_9)
FN:152,(anonymous_10)
FN:176,requestAPI
FN:218,(anonymous_12)
FN:282,(anonymous_13)
FNF:14
FNH:0
FNDA:0,(anonymous_0)
FNDA:0,(anonymous_1)
FNDA:0,(anonymous_2)
FNDA:0,(anonymous_3)
FNDA:0,(anonymous_4)
FNDA:0,(anonymous_5)
FNDA:0,(anonymous_6)
FNDA:0,(anonymous_7)
FNDA:0,(anonymous_8)
FNDA:0,(anonymous_9)
FNDA:0,(anonymous_10)
FNDA:0,requestAPI
FNDA:0,(anonymous_12)
FNDA:0,(anonymous_13)
DA:1,0
DA:2,0
DA:4,0
DA:6,0
DA:8,0
DA:16,0
DA:17,0
DA:18,0
DA:20,0
DA:21,0
DA:25,0
DA:27,0
DA:34,0
DA:35,0
DA:40,0
DA:42,0
DA:50,0
DA:52,0
DA:53,0
DA:54,0
DA:55,0
DA:59,0
DA:60,0
DA:61,0
DA:65,0
DA:67,0
DA:73,0
DA:74,0
DA:79,0
DA:80,0
DA:84,0
DA:86,0
DA:90,0
DA:91,0
DA:92,0
DA:93,0
DA:96,0
DA:97,0
DA:101,0
DA:104,0
DA:111,0
DA:112,0
DA:117,0
DA:119,0
DA:127,0
DA:128,0
DA:133,0
DA:136,0
DA:141,0
DA:142,0
DA:146,0
DA:149,0
DA:153,0
DA:154,0
DA:158,0
DA:183,0
DA:186,0
DA:187,0
DA:189,0
DA:192,0
DA:194,0
DA:195,0
DA:196,0
DA:198,0
DA:202,0
DA:203,0
DA:206,0
DA:218,0
DA:282,0
DA:283,0
DA:284,0
LF:71
LH:0
BRDA:9,0,0,0
BRDA:9,0,1,0
BRDA:17,1,0,0
BRDA:52,2,0,0
BRDA:52,2,1,0
BRDA:54,3,0,0
BRDA:59,4,0,0
BRDA:60,5,0,0
BRDA:92,6,0,0
BRDA:178,7,0,0
BRDA:179,8,0,0
BRDA:180,9,0,0
BRDA:194,10,0,0
BRDA:194,11,0,0
BRDA:194,11,1,0
BRDA:202,12,0,0
BRDA:203,13,0,0
BRDA:203,13,1,0
BRDA:282,14,0,0
BRDA:282,14,1,0
BRDA:218,15,0,0
BRDA:218,15,1,0
BRF:22
BRH:0
end_of_record
TN:
SF:src/hooks.ts
FN:4,(anonymous_1)
FNF:1
FNH:0
FNDA:0,(anonymous_1)
DA:1,0
DA:2,0
DA:4,0
DA:5,0
DA:6,0
LF:5
LH:0
BRF:0
BRH:0
end_of_record
TN:
SF:src/index.tsx
FN:32,(anonymous_1)
FN:54,getSelectedItem
FN:68,getSelectedFilePath
FN:76,getSelectedFileName
FN:86,getNotebookJobsListingModel
FN:98,activatePlugin
FN:116,(anonymous_7)
FN:133,(anonymous_8)
FN:141,(anonymous_9)
FN:169,(anonymous_10)
FN:175,(anonymous_11)
FN:197,(anonymous_12)
FN:214,(anonymous_13)
FN:221,(anonymous_14)
FNF:14
FNH:0
FNDA:0,(anonymous_1)
FNDA:0,getSelectedItem
FNDA:0,getSelectedFilePath
FNDA:0,getSelectedFileName
FNDA:0,getNotebookJobsListingModel
FNDA:0,activatePlugin
FNDA:0,(anonymous_7)
FNDA:0,(anonymous_8)
FNDA:0,(anonymous_9)
FNDA:0,(anonymous_10)
FNDA:0,(anonymous_11)
FNDA:0,(anonymous_12)
FNDA:0,(anonymous_13)
FNDA:0,(anonymous_14)
DA:1,0
DA:2,0
DA:7,0
DA:12,0
DA:13,0
DA:15,0
DA:16,0
DA:18,0
DA:19,0
DA:20,0
DA:22,0
DA:23,0
DA:25,0
DA:26,0
DA:32,0
DA:33,0
DA:34,0
DA:35,0
DA:36,0
DA:39,0
DA:44,0
DA:55,0
DA:56,0
DA:60,0
DA:61,0
DA:62,0
DA:65,0
DA:69,0
DA:70,0
DA:71,0
DA:73,0
DA:77,0
DA:78,0
DA:79,0
DA:81,0
DA:84,0
DA:87,0
DA:88,0
DA:91,0
DA:93,0
DA:94,0
DA:95,0
DA:106,0
DA:107,0
DA:108,0
DA:109,0
DA:111,0
DA:114,0
DA:116,0
DA:119,0
DA:121,0
DA:127,0
DA:128,0
DA:129,0
DA:130,0
DA:132,0
DA:134,0
DA:135,0
DA:141,0
DA:142,0
DA:144,0
DA:147,0
DA:148,0
DA:149,0
DA:150,0
DA:151,0
DA:154,0
DA:156,0
DA:159,0
DA:160,0
DA:163,0
DA:164,0
DA:165,0
DA:168,0
DA:169,0
DA:174,0
DA:176,0
DA:178,0
DA:179,0
DA:180,0
DA:183,0
DA:190,0
DA:196,0
DA:198,0
DA:199,0
DA:205,0
DA:207,0
DA:210,0
DA:214,0
DA:220,0
DA:222,0
DA:223,0
DA:227,0
DA:230,0
DA:231,0
DA:236,0
DA:239,0
DA:244,0
LF:98
LH:0
BRDA:32,0,0,0
BRDA:32,0,1,0
BRDA:55,1,0,0
BRDA:61,2,0,0
BRDA:61,3,0,0
BRDA:61,3,1,0
BRDA:70,4,0,0
BRDA:78,5,0,0
BRDA:87,6,0,0
BRDA:142,7,0,0
BRDA:142,8,0,0
BRDA:142,8,1,0
BRDA:154,9,0,0
BRDA:159,10,0,0
BRDA:179,11,0,0
BRDA:179,11,1,0
BRDA:179,12,0,0
BRDA:179,12,1,0
BRDA:180,13,0,0
BRDA:180,13,1,0
BRDA:180,14,0,0
BRDA:180,14,1,0
BRDA:205,15,0,0
BRDA:230,16,0,0
BRF:24
BRH:0
end_of_record
TN:
SF:src/model.ts
FN:10,(anonymous_0)
FN:12,(anonymous_1)
FN:21,(anonymous_2)
FN:43,(anonymous_3)
FNF:4
FNH:0
FNDA:0,(anonymous_0)
FNDA:0,(anonymous_1)
FNDA:0,(anonymous_2)
FNDA:0,(anonymous_3)
DA:1,0
DA:4,0
DA:11,0
DA:12,0
DA:14,0
DA:16,0
DA:17,0
DA:18,0
DA:22,0
DA:24,0
DA:25,0
DA:27,0
DA:28,0
DA:29,0
DA:30,0
DA:31,0
DA:32,0
DA:33,0
DA:37,0
DA:38,0
DA:39,0
DA:44,0
DA:45,0
DA:46,0
LF:24
LH:0
BRDA:11,0,0,0
BRDA:11,0,1,0
BRDA:24,1,0,0
BRDA:27,2,0,0
BRDA:31,3,0,0
BRDA:37,4,0,0
BRDA:44,5,0,0
BRF:7
BRH:0
end_of_record
TN:
SF:src/notebook-jobs-panel.tsx
FN:26,(anonymous_1)
FN:40,(anonymous_2)
FN:45,(anonymous_3)
FN:49,(anonymous_4)
FN:53,(anonymous_5)
FN:59,(anonymous_6)
FN:66,(anonymous_7)
FN:69,(anonymous_8)
FN:70,(anonymous_9)
FN:82,(anonymous_10)
FNF:10
FNH:0
FNDA:0,(anonymous_1)
FNDA:0,(anonymous_2)
FNDA:0,(anonymous_3)
FNDA:0,(anonymous_4)
FNDA:0,(anonymous_5)
FNDA:0,(anonymous_6)
FNDA:0,(anonymous_7)
FNDA:0,(anonymous_8)
FNDA:0,(anonymous_9)
FNDA:0,(anonymous_10)
DA:1,0
DA:4,0
DA:8,0
DA:9,0
DA:12,0
DA:13,0
DA:17,0
DA:27,0
DA:28,0
DA:29,0
DA:31,0
DA:32,0
DA:33,0
DA:34,0
DA:35,0
DA:36,0
DA:37,0
DA:41,0
DA:42,0
DA:46,0
DA:50,0
DA:54,0
DA:59,0
DA:67,0
DA:69,0
DA:70,0
DA:82,0
LF:27
LH:0
BRDA:31,0,0,0
BRDA:31,0,1,0
BRDA:31,1,0,0
BRDA:31,1,1,0
BRDA:32,2,0,0
BRDA:32,2,1,0
BRDA:32,3,0,0
BRDA:32,3,1,0
BRDA:37,4,0,0
BRDA:37,4,1,0
BRDA:50,5,0,0
BRDA:50,5,1,0
BRDA:63,6,0,0
BRDA:63,6,1,0
BRDA:77,7,0,0
BRDA:77,7,1,0
BRF:16
BRH:0
end_of_record
TN:
SF:src/components/environment-picker.tsx
FN:14,EnvironmentPicker
FN:20,(anonymous_7)
FN:21,(anonymous_8)
FN:40,(anonymous_9)
FNF:4
FNH:0
FNDA:0,EnvironmentPicker
FNDA:0,(anonymous_7)
FNDA:0,(anonymous_8)
FNDA:0,(anonymous_9)
DA:1,0
DA:4,0
DA:14,0
DA:15,0
DA:18,0
DA:20,0
DA:21,0
DA:24,0
DA:25,0
DA:28,0
DA:41,0
LF:11
LH:0
BRDA:24,0,0,0
BRF:1
BRH:0
end_of_record
TN:
SF:src/components/icons.ts
FNF:0
FNH:0
DA:3,0
DA:5,0
DA:6,0
DA:7,0
DA:8,0
DA:10,0
DA:14,0
DA:18,0
DA:22,0
LF:9
LH:0
BRF:0
BRH:0
end_of_record
TN:
SF:src/components/job-details.tsx
FN:15,JobParameters
FN:28,(anonymous_2)
FN:46,OutputFormats
FN:67,JobDetails
FNF:4
FNH:0
FNDA:0,JobParameters
FNDA:0,(anonymous_2)
FNDA:0,OutputFormats
FNDA:0,JobDetails
DA:1,0
DA:4,0
DA:11,0
DA:12,0
DA:13,0
DA:18,0
DA:19,0
DA:21,0
DA:22,0
DA:24,0
DA:29,0
DA:49,0
DA:53,0
DA:56,0
DA:57,0
DA:59,0
DA:67,0
DA:68,0
DA:69,0
DA:72,0
DA:74,0
DA:77,0
DA:80,0
DA:83,0
DA:87,0
DA:88,0
DA:91,0
LF:27
LH:0
BRDA:18,0,0,0
BRDA:18,1,0,0
BRDA:18,1,1,0
BRDA:49,2,0,0
BRDA:50,3,0,0
BRDA:50,3,1,0
BRDA:68,4,0,0
BRDA:74,5,0,0
BRDA:74,5,1,0
BRDA:77,6,0,0
BRDA:77,6,1,0
BRDA:80,7,0,0
BRDA:80,7,1,0
BRDA:83,8,0,0
BRDA:83,8,1,0
BRDA:87,9,0,0
BRF:16
BRH:0
end_of_record
TN:
SF:src/components/job-row.tsx
FN:18,get_file_from_path
FN:22,StopButton
FN:44,DeleteButton
FN:62,RefillButton
FN:74,(anonymous_10)
FN:79,(anonymous_11)
FN:94,(anonymous_12)
FN:95,(anonymous_13)
FN:113,Timestamp
FN:124,OutputFiles
FN:139,(anonymous_16)
FN:147,(anonymous_17)
FN:168,JobRow
FN:182,(anonymous_19)
FN:187,(anonymous_20)
FN:191,(anonymous_21)
FN:233,(anonymous_22)
FN:252,(anonymous_23)
FN:260,(anonymous_24)
FNF:19
FNH:0
FNDA:0,get_file_from_path
FNDA:0,StopButton
FNDA:0,DeleteButton
FNDA:0,RefillButton
FNDA:0,(anonymous_10)
FNDA:0,(anonymous_11)
FNDA:0,(anonymous_12)
FNDA:0,(anonymous_13)
FNDA:0,Timestamp
FNDA:0,OutputFiles
FNDA:0,(anonymous_16)
FNDA:0,(anonymous_17)
FNDA:0,JobRow
FNDA:0,(anonymous_19)
FNDA:0,(anonymous_20)
FNDA:0,(anonymous_21)
FNDA:0,(anonymous_22)
FNDA:0,(anonymous_23)
FNDA:0,(anonymous_24)
DA:1,0
DA:4,0
DA:5,0
DA:6,0
DA:11,0
DA:14,0
DA:15,0
DA:16,0
DA:19,0
DA:26,0
DA:27,0
DA:30,0
DA:31,0
DA:35,0
DA:48,0
DA:49,0
DA:53,0
DA:67,0
DA:68,0
DA:73,0
DA:75,0
DA:79,0
DA:80,0
DA:89,0
DA:90,0
DA:93,0
DA:94,0
DA:95,0
DA:100,0
DA:101,0
DA:104,0
DA:114,0
DA:117,0
DA:121,0
DA:129,0
DA:130,0
DA:133,0
DA:136,0
DA:137,0
DA:141,0
DA:142,0
DA:147,0
DA:168,0
DA:169,0
DA:171,0
DA:172,0
DA:173,0
DA:174,0
DA:175,0
DA:177,0
DA:178,0
DA:180,0
DA:182,0
DA:183,0
DA:184,0
DA:187,0
DA:188,0
DA:191,0
DA:195,0
DA:197,0
DA:199,0
DA:201,0
DA:203,0
DA:205,0
DA:209,0
DA:213,0
DA:233,0
DA:253,0
DA:261,0
DA:264,0
DA:267,0
LF:71
LH:0
BRDA:26,0,0,0
BRDA:31,1,0,0
BRDA:31,1,1,0
BRDA:49,2,0,0
BRDA:49,2,1,0
BRDA:68,3,0,0
BRDA:68,3,1,0
BRDA:73,4,0,0
BRDA:73,4,1,0
BRDA:82,5,0,0
BRDA:82,5,1,0
BRDA:82,6,0,0
BRDA:82,6,1,0
BRDA:93,7,0,0
BRDA:93,8,0,0
BRDA:93,8,1,0
BRDA:114,9,0,0
BRDA:114,9,1,0
BRDA:117,10,0,0
BRDA:117,10,1,0
BRDA:129,11,0,0
BRDA:136,12,0,0
BRDA:136,12,1,0
BRDA:195,13,0,0
BRDA:195,13,1,0
BRDA:195,13,2,0
BRDA:195,13,3,0
BRDA:195,13,4,0
BRDA:209,14,0,0
BRDA:209,14,1,0
BRDA:216,15,0,0
BRDA:216,15,1,0
BRDA:226,16,0,0
BRDA:226,16,1,0
BRDA:267,17,0,0
BRDA:267,17,1,0
BRDA:267,18,0,0
BRDA:267,18,1,0
BRF:38
BRH:0
end_of_record
TN:
SF:src/components/notebook-jobs-list.tsx
FN:45,NotebookJobsListBody
FN:51,(anonymous_7)
FN:53,(anonymous_8)
FN:60,(anonymous_9)
FN:62,(anonymous_10)
FN:78,(anonymous_11)
FN:137,(anonymous_12)
FN:146,(anonymous_13)
FN:159,(anonymous_14)
FN:183,NotebookJobsColumnHeader
FN:198,(anonymous_16)
FN:220,(anonymous_17)
FN:236,getJobs
FN:249,NotebookJobsList
FNF:14
FNH:0
FNDA:0,NotebookJobsListBody
FNDA:0,(anonymous_7)
FNDA:0,(anonymous_8)
FNDA:0,(anonymous_9)
FNDA:0,(anonymous_10)
FNDA:0,(anonymous_11)
FNDA:0,(anonymous_12)
FNDA:0,(anonymous_13)
FNDA:0,(anonymous_14)
FNDA:0,NotebookJobsColumnHeader
FNDA:0,(anonymous_16)
FNDA:0,(anonymous_17)
FNDA:0,getJobs
FNDA:0,NotebookJobsList
DA:1,0
DA:7,0
DA:10,0
DA:12,0
DA:18,0
DA:20,0
DA:22,0
DA:38,0
DA:45,0
DA:46,0
DA:49,0
DA:51,0
DA:53,0
DA:54,0
DA:60,0
DA:62,0
DA:64,0
DA:66,0
DA:67,0
DA:71,0
DA:78,0
DA:81,0
DA:83,0
DA:84,0
DA:91,0
DA:92,0
DA:106,0
DA:133,0
DA:138,0
DA:147,0
DA:160,0
DA:177,0
DA:180,0
DA:186,0
DA:187,0
DA:190,0
DA:192,0
DA:195,0
DA:198,0
DA:200,0
DA:201,0
DA:206,0
DA:211,0
DA:217,0
DA:218,0
DA:220,0
DA:224,0
DA:227,0
DA:239,0
DA:242,0
DA:243,0
DA:246,0
DA:249,0
DA:252,0
DA:253,0
DA:256,0
LF:56
LH:0
BRDA:66,0,0,0
BRDA:72,1,0,0
BRDA:72,1,1,0
BRDA:72,2,0,0
BRDA:72,2,1,0
BRDA:72,3,0,0
BRDA:72,3,1,0
BRDA:72,4,0,0
BRDA:72,4,1,0
BRDA:72,5,0,0
BRDA:72,5,1,0
BRDA:72,6,0,0
BRDA:72,6,1,0
BRDA:83,7,0,0
BRDA:91,8,0,0
BRDA:91,9,0,0
BRDA:91,9,1,0
BRDA:91,10,0,0
BRDA:91,10,1,0
BRDA:157,11,0,0
BRDA:157,11,1,0
BRDA:187,12,0,0
BRDA:187,12,1,0
BRDA:187,13,0,0
BRDA:187,13,1,0
BRDA:190,14,0,0
BRDA:190,14,1,0
BRDA:192,15,0,0
BRDA:192,15,1,0
BRDA:195,16,0,0
BRDA:195,16,1,0
BRDA:200,17,0,0
BRDA:206,18,0,0
BRDA:206,18,1,0
BRDA:217,19,0,0
BRDA:217,19,1,0
BRDA:230,20,0,0
BRDA:230,20,1,0
BRDA:231,21,0,0
BRDA:231,21,1,0
BRDA:242,22,0,0
BRF:41
BRH:0
end_of_record
TN:
SF:src/components/notebook-jobs-navigation-tab-list.tsx
FN:11,NotebookJobsNavigationTabList
FN:25,(anonymous_2)
FN:29,(anonymous_3)
FNF:3
FNH:0
FNDA:0,NotebookJobsNavigationTabList
FNDA:0,(anonymous_2)
FNDA:0,(anonymous_3)
DA:1,0
DA:3,0
DA:6,0
DA:11,0
DA:16,0
DA:18,0
DA:23,0
DA:26,0
DA:29,0
LF:9
LH:0
BRF:0
BRH:0
end_of_record
TN:
SF:src/components/notebook-jobs-navigation-tab.tsx
FN:9,NotebookJobsNavigationTab
FN:21,(anonymous_2)
FN:21,(anonymous_3)
FNF:3
FNH:0
FNDA:0,NotebookJobsNavigationTab
FNDA:0,(anonymous_2)
FNDA:0,(anonymous_3)
DA:1,0
DA:9,0
DA:15,0
DA:21,0
LF:4
LH:0
BRDA:19,0,0,0
BRDA:19,0,1,0
BRDA:21,1,0,0
BRDA:21,1,1,0
BRF:4
BRH:0
end_of_record
TN:
SF:src/components/notebook-jobs-navigation.tsx
FN:8,NotebookJobsNavigation
FN:15,(anonymous_2)
FNF:2
FNH:0
FNDA:0,NotebookJobsNavigation
FNDA:0,(anonymous_2)
DA:1,0
DA:5,0
DA:8,0
DA:13,0
DA:15,0
DA:16,0
DA:17,0
DA:25,0
DA:28,0
DA:31,0
LF:10
LH:0
BRDA:16,0,0,0
BRF:1
BRH:0
end_of_record
TN:
SF:src/components/output-format-picker.tsx
FN:21,outputFormatsForEnvironment
FN:33,(anonymous_7)
FN:41,OutputFormatPicker
FN:43,(anonymous_9)
FN:55,(anonymous_10)
FN:63,(anonymous_11)
FNF:6
FNH:0
FNDA:0,outputFormatsForEnvironment
FNDA:0,(anonymous_7)
FNDA:0,OutputFormatPicker
FNDA:0,(anonymous_9)
FNDA:0,(anonymous_10)
FNDA:0,(anonymous_11)
DA:1,0
DA:21,0
DA:25,0
DA:26,0
DA:27,0
DA:30,0
DA:33,0
DA:34,0
DA:35,0
DA:38,0
DA:41,0
DA:42,0
DA:43,0
DA:46,0
DA:47,0
DA:50,0
DA:56,0
DA:63,0
LF:18
LH:0
BRDA:26,0,0,0
BRDA:34,1,0,0
BRDA:34,2,0,0
BRDA:34,2,1,0
BRDA:46,3,0,0
BRF:5
BRH:0
end_of_record
TN:
SF:src/components/running-jobs-indicator.tsx
FN:23,RunningJobsIndicatorComponent
FN:66,RunningJobsIndicator
FN:69,(anonymous_3)
FNF:3
FNH:0
FNDA:0,RunningJobsIndicatorComponent
FNDA:0,RunningJobsIndicator
FNDA:0,(anonymous_3)
DA:1,0
DA:3,0
DA:4,0
DA:6,0
DA:8,0
DA:11,0
DA:23,0
DA:26,0
DA:29,0
DA:30,0
DA:33,0
DA:36,0
DA:40,0
DA:66,0
DA:67,0
DA:70,0
LF:16
LH:0
BRDA:29,0,0,0
BRDA:36,1,0,0
BRDA:36,1,1,0
BRF:3
BRH:0
end_of_record
